17475:C 02 Sep 2024 18:43:33.962 * oO0OoO0OoO0Oo Redis is starting oO0OoO0OoO0Oo
17475:C 02 Sep 2024 18:43:33.962 * Redis version=7.2.5, bits=64, commit=00000000, modified=0, pid=17475, just started
17475:C 02 Sep 2024 18:43:33.962 * Configuration loaded
17475:M 02 Sep 2024 18:43:33.965 * Increased maximum number of open files to 10032 (it was originally set to 256).
17475:M 02 Sep 2024 18:43:33.965 * monotonic clock: POSIX clock_gettime
17475:M 02 Sep 2024 18:43:33.969 * Running mode=standalone, port=6379.
17475:M 02 Sep 2024 18:43:33.969 # WARNING: The TCP backlog setting of 511 cannot be enforced because kern.ipc.somaxconn is set to the lower value of 128.
17475:M 02 Sep 2024 18:43:33.970 * Server initialized
17475:M 02 Sep 2024 18:43:33.972 # Can't handle RDB format version 12
17475:M 02 Sep 2024 18:43:33.972 # Fatal error loading the DB, check server logs. Exiting.
17515:C 02 Sep 2024 18:43:54.454 * oO0OoO0OoO0Oo Redis is starting oO0OoO0OoO0Oo
17515:C 02 Sep 2024 18:43:54.454 * Redis version=7.2.5, bits=64, commit=00000000, modified=0, pid=17515, just started
17515:C 02 Sep 2024 18:43:54.455 * Configuration loaded
17515:M 02 Sep 2024 18:43:54.457 * Increased maximum number of open files to 10032 (it was originally set to 256).
17515:M 02 Sep 2024 18:43:54.457 * monotonic clock: POSIX clock_gettime
17515:M 02 Sep 2024 18:43:54.459 * Running mode=standalone, port=6379.
17515:M 02 Sep 2024 18:43:54.459 # WARNING: The TCP backlog setting of 511 cannot be enforced because kern.ipc.somaxconn is set to the lower value of 128.
17515:M 02 Sep 2024 18:43:54.460 * Server initialized
17515:M 02 Sep 2024 18:43:54.463 # Can't handle RDB format version 12
17515:M 02 Sep 2024 18:43:54.463 # Fatal error loading the DB, check server logs. Exiting.
